Haberte levantado antes, Antonio.
Haberte levantado antes, Antonio.
Haberte levantado antes, Antonio.
Haberte levantado antes, Antonio.
Haberte levantado antes, Antonio.
Haberte levantado antes, Antonio.
Haberte levantado antes, Antonio.
Haberte levantado antes, Antonio.
Haberte levantado antes, Antonio.
Haberte levantado antes, Antonio.
Haberte levantado antes, Antonio.
Haberte levantado antes, Antonio.
Haberte levantado antes, Antonio.
Haberte levantado antes, Antonio.
Haberte levantado antes, Antonio.
L28 (2) -> L32 (2) -> L19 (1) -> L26 (3) -> L0 (10) -> L25 (1) -> L12 (1) -> L2 (10) -> L35 (5)
Total: 136 min
L30 (9) -> L19 (6) -> L26 (3) -> L2 (3)
Total: 104 min
L2 (3) -> L3 (1) -> L26 (2) -> L0 (2)
Total: 30 min
L27 (5) -> L4 (2) -> L13 (8) -> L18 (2)
Total: 54 min
L14 (15) -> L27 (3) -> L4 (3) -> L40 (1) -> L32 (3) -> L23 (16)
Total: 177 min
L4 (5) -> L13 (8) -> L18 (12)
Total: 95 min
L17 (3) -> L27 (1) -> L4 (2) -> L13 (8) -> L18 (4)
Total: 57 min
L18 (3) -> L13 (8) -> L4 (2) -> L27 (3) -> L35 (6)
Total: 85 min
L27 (3) -> L16 (2) -> L17 (2) -> L25 (5) -> L23 (1) -> L33 (2)
Total: 58 min
L35 (12) -> L27 (3) -> L4 (3) -> L40 (1) -> L32 (5) -> L28 (2) -> L19 (17)
Total: 195 min
L11 (21) -> L7 (1) -> L32 (5) -> L40 (1) -> L4 (3) -> L27 (1) -> L17 (2) -> L16 (3)
Total: 147 min
L22 (16) -> L29 (1) -> L1 (1) -> L18 (11) -> L0 (1) -> L26 (3) -> L19 (13)
Total: 216 min
L2 (3) -> L1 (2) -> L0 (3)
Total: 30 min
L0 (3) -> L1 (1) -> L2 (6)
Total: 41 min
L1 (2) -> L0 (2) -> L2 (2)
Total: 20 min
L0 (1) -> L2 (1) -> L1 (2) -> L2 (1)
Total: 13 min
L6 (6) -> L4 (1) -> L11 (6) -> L2 (2)
Total: 72 min
L5 (3) -> L14 (4) -> L7 (2) -> L3 (2) -> L13 (1) -> L9 (2)
Total: 57 min
L20 (16) -> L13 (4) -> L3 (2) -> L11 (1) -> L0 (3) -> L15 (6)
Total: 133 min
L16 (1) -> L6 (6) -> L3 (2) -> L10 (3) -> L18 (21)
Total: 132 min
L14 (5) -> L32 (27) -> L30 (1) -> L23 (14) -> L12 (2) -> L38 (4) -> L13 (7) -> L24 (18)
Total: 403 min
L18 (20) -> L23 (14) -> L12 (2) -> L38 (4) -> L13 (8)
Total: 241 min
L30 (69) -> L23 (14) -> L12 (1) -> L39 (21)
Total: 486 min
L12 (8) -> L38 (4) -> L13 (7) -> L24 (10) -> L42 (1) -> L17 (1) -> L47 (13)
Total: 196 min
Haberte levantado antes, Antonio.
L47 (7) -> L17 (1) -> L42 (1) -> L24 (5) -> L35 (19) -> L19 (23)
Total: 274 min
L20 (6) -> L24 (2) -> L3 (2) -> L4 (7)
Total: 89 min
L18 (4)
Total: 19 min
L16 (12) -> L24 (4) -> L27 (2) -> L12 (33)
Total: 262 min
L18 (4) -> L24 (3) -> L10 (3)
Total: 49 min
L22 (7) -> L20 (1) -> L9 (3) -> L23 (2) -> L3 (3) -> L24 (2) -> L10 (1) -> L6 (7)
Total: 109 min
L16 (6) -> L24 (2)
Total: 28 min
L18 (2) -> L24 (2) -> L25 (9)
Total: 51 min
L2 (24) -> L0 (6) -> L9 (7) -> L6 (14)
Total: 205 min
L4 (9) -> L3 (2) -> L24 (2) -> L16 (2) -> L24 (4) -> L27 (2) -> L12 (1) -> L25 (2) -> L19 (19)
Total: 191 min
L6 (16) -> L9 (2) -> L7 (4) -> L3 (3)
Total: 133 min
L26 (7) -> L9 (5) -> L0 (5) -> L24 (2)
Total: 72 min
L13 (15) -> L16 (8) -> L7 (2) -> L19 (1) -> L15 (2)
Total: 107 min
L18 (9) -> L2 (4) -> L8 (1) -> L3 (5) -> L18 (10)
Total: 110 min
L14 (2) -> L12 (2) -> L10 (4) -> L2 (2) -> L18 (4)
Total: 62 min
L17 (7) -> L15 (6) -> L7 (6) -> L12 (2)
Total: 75 min
L4 (4) -> L10 (3) -> L9 (5)
Total: 54 min
L17 (11) -> L15 (1) -> L5 (2)
Total: 49 min
L10 (1) -> L12 (5) -> L18 (10)
Total: 95 min
Haberte levantado antes, Antonio.
L3 (8) -> L7 (3) -> L5 (2)
Total: 66 min
L7 (7) -> L2 (3) -> L4 (3)
Total: 58 min
L12 (3) -> L7 (4)
Total: 29 min
